<?xml version="1.0" encoding="UTF-8"?>
<testsuite xmlns:xsi="http://www.w3.org/2001/XMLSchema-instance" xsi:noNamespaceSchemaLocation="https://maven.apache.org/surefire/maven-surefire-plugin/xsd/surefire-test-report-3.0.xsd" version="3.0" name="testCase.TC001_AccountRegistrerationTest" time="6.145" tests="1" errors="0" skipped="0" failures="0">
  <properties>
[...]
</properties>
  <testcase name="TC001_verify_account_registration" classname="testCase.TC001_AccountRegistrerationTest" time="2.108">
    <system-out><![CDATA[2024-09-10T14:34:10.520597200Z main DEBUG Apache Log4j Core 2.23 initializing configuration XmlConfiguration[location=C:\Users\abhai\eclipse-workspace\hybrid\hybridFrame\target\test-classes\log4j2.xml]
2024-09-10T14:34:10.522882600Z main DEBUG PluginManager 'Core' found 131 plugins
2024-09-10T14:34:10.522882600Z main DEBUG PluginManager 'Level' found 0 plugins
2024-09-10T14:34:10.528882200Z main DEBUG Building Plugin[name=property, class=org.apache.logging.log4j.core.config.Property].
2024-09-10T14:34:10.545882600Z main DEBUG PluginManager 'TypeConverter' found 26 plugins
2024-09-10T14:34:10.552883700Z main DEBUG createProperty(name="basePath", value="./logs", Configuration(C:\Users\abhai\eclipse-workspace\hybrid\hybridFrame\target\test-classes\log4j2.xml))
2024-09-10T14:34:10.554887900Z main DEBUG Building Plugin[name=properties, class=org.apache.logging.log4j.core.config.PropertiesPlugin].
2024-09-10T14:34:10.557884100Z main DEBUG configureSubstitutor(={basePath=./logs}, Configuration(C:\Users\abhai\eclipse-workspace\hybrid\hybridFrame\target\test-classes\log4j2.xml))
2024-09-10T14:34:10.558887Z main DEBUG PluginManager 'Lookup' found 16 plugins
2024-09-10T14:34:10.558887Z main DEBUG Building Plugin[name=layout, class=org.apache.logging.log4j.core.layout.PatternLayout].
2024-09-10T14:34:10.570886500Z main DEBUG PatternLayout$Builder(pattern="%d{HH:mm:ss.SSS} [%t] %-5level %logger{36} - %msg%n", PatternSelector=null, Configuration(C:\Users\abhai\eclipse-workspace\hybrid\hybridFrame\target\test-classes\log4j2.xml), Replace=null, charset="null", alwaysWriteExceptions="null", disableAnsi="null", noConsoleNoAnsi="null", header="null", footer="null")
2024-09-10T14:34:10.570886500Z main DEBUG PluginManager 'Converter' found 45 plugins
2024-09-10T14:34:10.570886500Z main DEBUG Building Plugin[name=appender, class=org.apache.logging.log4j.core.appender.ConsoleAppender].
2024-09-10T14:34:10.579369400Z main DEBUG ConsoleAppender$Builder(target="SYSTEM_OUT", follow="null", direct="null", bufferedIo="null", bufferSize="null", immediateFlush="null", ignoreExceptions="null", PatternLayout(%d{HH:mm:ss.SSS} [%t] %-5level %logger{36} - %msg%n), name="Console", Configuration(C:\Users\abhai\eclipse-workspace\hybrid\hybridFrame\target\test-classes\log4j2.xml), Filter=null, ={})
2024-09-10T14:34:10.581367500Z main DEBUG Starting OutputStreamManager SYSTEM_OUT.false.false
2024-09-10T14:34:10.582367100Z main DEBUG Building Plugin[name=layout, class=org.apache.logging.log4j.core.layout.PatternLayout].
2024-09-10T14:34:10.583370100Z main DEBUG PatternLayout$Builder(pattern="%d{HH:mm:ss.SSS} [%t] %-5level %logger{36} - %msg%n", PatternSelector=null, Configuration(C:\Users\abhai\eclipse-workspace\hybrid\hybridFrame\target\test-classes\log4j2.xml), Replace=null, charset="null", alwaysWriteExceptions="null", disableAnsi="null", noConsoleNoAnsi="null", header="null", footer="null")
2024-09-10T14:34:10.584369Z main DEBUG Building Plugin[name=SizeBasedTriggeringPolicy, class=org.apache.logging.log4j.core.appender.rolling.SizeBasedTriggeringPolicy].
2024-09-10T14:34:10.585369900Z main DEBUG createPolicy(size="10000")
2024-09-10T14:34:10.587371500Z main DEBUG Building Plugin[name=appender, class=org.apache.logging.log4j.core.appender.RollingFileAppender].
2024-09-10T14:34:10.590377200Z main DEBUG RollingFileAppender$Builder(fileName="./logs/automation.log", filePattern="./logs/automation-%d{yyyy-MM-dd}.log", append="null", locking="null", SizeBasedTriggeringPolicy(SizeBasedTriggeringPolicy(size=10000)), Strategy=null, advertise="null", advertiseUri="null", createOnDemand="null", filePermissions="null", fileOwner="null", fileGroup="null", bufferedIo="null", bufferSize="null", immediateFlush="null", ignoreExceptions="null", PatternLayout(%d{HH:mm:ss.SSS} [%t] %-5level %logger{36} - %msg%n), name="File", Configuration(C:\Users\abhai\eclipse-workspace\hybrid\hybridFrame\target\test-classes\log4j2.xml), Filter=null, ={})
2024-09-10T14:34:10.596028800Z main DEBUG Returning file creation time for C:\Users\abhai\eclipse-workspace\hybrid\hybridFrame\.\logs\automation.log
2024-09-10T14:34:10.596028800Z main DEBUG Starting RollingFileManager ./logs/automation.log
2024-09-10T14:34:10.597035400Z main DEBUG PluginManager 'FileConverter' found 2 plugins
2024-09-10T14:34:10.603603900Z main DEBUG Setting prev file time to 2024-09-10T20:04:04.752+0530
2024-09-10T14:34:10.604644700Z main DEBUG Initializing triggering policy SizeBasedTriggeringPolicy(size=10000)
2024-09-10T14:34:10.604644700Z main DEBUG Building Plugin[name=appenders, class=org.apache.logging.log4j.core.config.AppendersPlugin].
2024-09-10T14:34:10.604644700Z main DEBUG createAppenders(={Console, File})
2024-09-10T14:34:10.604644700Z main DEBUG Building Plugin[name=AppenderRef, class=org.apache.logging.log4j.core.config.AppenderRef].
2024-09-10T14:34:10.605612600Z main DEBUG createAppenderRef(ref="File", level="null", Filter=null)
2024-09-10T14:34:10.606611500Z main DEBUG Building Plugin[name=root, class=org.apache.logging.log4j.core.config.LoggerConfig$RootLogger].
2024-09-10T14:34:10.609612500Z main DEBUG LoggerConfig$RootLogger$Builder(additivity="null", level="DEBUG", levelAndRefs="null", includeLocation="null", ={File}, ={}, Configuration(C:\Users\abhai\eclipse-workspace\hybrid\hybridFrame\target\test-classes\log4j2.xml), Filter=null)
2024-09-10T14:34:10.610610100Z main DEBUG Building Plugin[name=loggers, class=org.apache.logging.log4j.core.config.LoggersPlugin].
2024-09-10T14:34:10.611609Z main DEBUG createLoggers(={root})
2024-09-10T14:34:10.611609Z main DEBUG Configuration XmlConfiguration[location=C:\Users\abhai\eclipse-workspace\hybrid\hybridFrame\target\test-classes\log4j2.xml] initialized
2024-09-10T14:34:10.611609Z main DEBUG Starting configuration XmlConfiguration[location=C:\Users\abhai\eclipse-workspace\hybrid\hybridFrame\target\test-classes\log4j2.xml]
2024-09-10T14:34:10.611609Z main DEBUG Started configuration XmlConfiguration[location=C:\Users\abhai\eclipse-workspace\hybrid\hybridFrame\target\test-classes\log4j2.xml] OK.
2024-09-10T14:34:10.612613400Z main DEBUG Shutting down OutputStreamManager SYSTEM_OUT.false.false-1
2024-09-10T14:34:10.612613400Z main DEBUG OutputStream closed
2024-09-10T14:34:10.612613400Z main DEBUG Shut down OutputStreamManager SYSTEM_OUT.false.false-1, all resources released: true
2024-09-10T14:34:10.612613400Z main DEBUG Appender DefaultConsole-1 stopped with status true
2024-09-10T14:34:10.612613400Z main DEBUG Stopped org.apache.logging.log4j.core.config.DefaultConfiguration@6a400542 OK
2024-09-10T14:34:10.773976500Z main DEBUG Registering MBean org.apache.logging.log4j2:type=70dea4e
2024-09-10T14:34:10.776975400Z main DEBUG Registering MBean org.apache.logging.log4j2:type=70dea4e,component=StatusLogger
2024-09-10T14:34:10.778980600Z main DEBUG Registering MBean org.apache.logging.log4j2:type=70dea4e,component=ContextSelector
2024-09-10T14:34:10.780976600Z main DEBUG Registering MBean org.apache.logging.log4j2:type=70dea4e,component=Loggers,name=
2024-09-10T14:34:10.781974800Z main DEBUG Registering MBean org.apache.logging.log4j2:type=70dea4e,component=Appenders,name=Console
2024-09-10T14:34:10.781974800Z main DEBUG Registering MBean org.apache.logging.log4j2:type=70dea4e,component=Appenders,name=File
2024-09-10T14:34:10.784978200Z main DEBUG org.apache.logging.log4j.core.util.SystemClock supports precise timestamps.
2024-09-10T14:34:10.784978200Z main DEBUG Reconfiguration complete for context[name=70dea4e] at URI C:\Users\abhai\eclipse-workspace\hybrid\hybridFrame\target\test-classes\log4j2.xml (org.apache.logging.log4j.core.LoggerContext@560348e6) with optional ClassLoader: null
2024-09-10T14:34:10.785984500Z main DEBUG Shutdown hook enabled. Registering a new one.
2024-09-10T14:34:10.786980Z main DEBUG LoggerContext[name=70dea4e, org.apache.logging.log4j.core.LoggerContext@560348e6] started OK.
Your Account Has Been Created!]]></system-out>
  </testcase>
</testsuite>